{
  "RSpec": {
    "coverage": {
      "/mnt/d/workspace/rails/save-contents-api/config/environment.rb": [
        null,
        null,
        null,
        1,
        null,
        null,
        1
      ],
      "/mnt/d/workspace/rails/save-contents-api/config/application.rb": [
        null,
        null,
        1,
        null,
        1,
        null,
        1,
        1,
        1,
        1,
        1,
        1,
        1,
        1,
        null,
        1,
        null,
        null,
        null,
        1,
        null,
        1,
        1,
        null,
        1,
        null,
        null,
        null,
        null,
        null,
        null,
        null,
        null,
        null,
        1,
        null,
        null
      ],
      "/mnt/d/workspace/rails/save-contents-api/config/boot.rb": [
        null,
        null,
        1,
        null,
        1,
        1
      ],
      "/mnt/d/workspace/rails/save-contents-api/config/spring.rb": [
        null,
        null,
        null,
        null,
        null,
        null,
        null,
        5
      ],
      "/mnt/d/workspace/rails/save-contents-api/config/environments/test.rb": [
        null,
        null,
        1,
        null,
        null,
        null,
        null,
        null,
        null,
        1,
        null,
        null,
        null,
        null,
        1,
        null,
        null,
        1,
        1,
        null,
        null,
        null,
        null,
        1,
        1,
        null,
        null,
        1,
        null,
        null,
        1,
        null,
        null,
        1,
        null,
        1,
        null,
        null,
        null,
        null,
        1,
        null,
        null,
        1,
        null,
        null,
        null,
        null
      ],
      "/mnt/d/workspace/rails/save-contents-api/config/initializers/application_controller_renderer.rb": [
        null,
        null,
        null,
        null,
        null,
        null,
        null,
        null,
        null,
        null
      ],
      "/mnt/d/workspace/rails/save-contents-api/config/initializers/backtrace_silencers.rb": [
        null,
        null,
        null,
        null,
        null,
        null,
        null,
        null,
        null
      ],
      "/mnt/d/workspace/rails/save-contents-api/config/initializers/cors.rb": [
        null,
        null,
        null,
        null,
        null,
        null,
        null,
        null,
        null,
        null,
        null,
        null,
        null,
        null,
        null,
        null,
        null,
        null
      ],
      "/mnt/d/workspace/rails/save-contents-api/config/initializers/filter_parameter_logging.rb": [
        null,
        null,
        null,
        null,
        null,
        1
      ],
      "/mnt/d/workspace/rails/save-contents-api/config/initializers/inflections.rb": [
        null,
        null,
        null,
        null,
        null,
        null,
        null,
        null,
        null,
        null,
        null,
        null,
        null,
        null,
        null,
        null,
        null,
        null
      ],
      "/mnt/d/workspace/rails/save-contents-api/config/initializers/mime_types.rb": [
        null,
        null,
        null,
        null,
        null,
        null
      ],
      "/mnt/d/workspace/rails/save-contents-api/config/initializers/wrap_parameters.rb": [
        null,
        null,
        null,
        null,
        null,
        null,
        null,
        null,
        1,
        1,
        null,
        null,
        null,
        null,
        null,
        null
      ],
      "/mnt/d/workspace/rails/save-contents-api/spec/factories/extractor.rb": [
        null,
        null,
        1,
        1,
        2,
        null,
        null
      ],
      "/mnt/d/workspace/rails/save-contents-api/config/routes.rb": [
        null,
        null,
        1,
        1,
        1,
        null,
        1,
        null,
        1,
        1,
        null,
        null,
        null,
        null
      ],
      "/mnt/d/workspace/rails/save-contents-api/app/helpers/serializer_resource_helper.rb": [
        null,
        null,
        1,
        1,
        0,
        null,
        null,
        1,
        0,
        null,
        null
      ],
      "/mnt/d/workspace/rails/save-contents-api/spec/support/factory_bot.rb": [
        null,
        null,
        1,
        1,
        null
      ],
      "/mnt/d/workspace/rails/save-contents-api/spec/support/request_helper.rb": [
        null,
        null,
        1,
        1,
        0,
        null,
        null,
        null,
        1,
        1,
        null
      ],
      "/mnt/d/workspace/rails/save-contents-api/spec/support/shared_examples/shared_examples_for_errors.rb": [
        null,
        null,
        1,
        0,
        0,
        null,
        null,
        0,
        0,
        0,
        null,
        null
      ],
      "/mnt/d/workspace/rails/save-contents-api/spec/support/shared_examples/shared_examples_for_extractors.rb": [
        null,
        null,
        1,
        0,
        0,
        0,
        0,
        null,
        null
      ],
      "/mnt/d/workspace/rails/save-contents-api/spec/support/shared_examples/shared_examples_for_json_api_pattern.rb": [
        null,
        null,
        1,
        0,
        0,
        0,
        0,
        0,
        0,
        0,
        null,
        null,
        null,
        1,
        0,
        0,
        0,
        0,
        0,
        0,
        0,
        0,
        0,
        0,
        null,
        null
      ],
      "/mnt/d/workspace/rails/save-contents-api/spec/support/shoulda_matchers.rb": [
        null,
        null,
        1,
        1,
        1,
        1,
        null,
        null
      ],
      "/mnt/d/workspace/rails/save-contents-api/app/models/content.rb": [
        null,
        null,
        1,
        1,
        null,
        1,
        1,
        1,
        null
      ],
      "/mnt/d/workspace/rails/save-contents-api/app/models/application_record.rb": [
        null,
        null,
        1,
        1,
        null
      ],
      "/mnt/d/workspace/rails/save-contents-api/spec/models/extractor_spec.rb": [
        null,
        null,
        1,
        null,
        1,
        1,
        1,
        null,
        null,
        1,
        1,
        2,
        null,
        1,
        2,
        null,
        null,
        null
      ],
      "/mnt/d/workspace/rails/save-contents-api/app/models/extractor.rb": [
        null,
        null,
        1,
        1,
        1,
        null,
        1,
        1,
        null
      ],
      "/mnt/d/workspace/rails/save-contents-api/spec/routing/docs_routing_spec.rb": [
        null,
        null,
        1,
        null,
        1,
        null,
        1,
        null,
        1,
        1,
        null,
        null,
        null
      ],
      "/mnt/d/workspace/rails/save-contents-api/app/controllers/api/v1/docs_controller.rb": [
        null,
        null,
        1,
        null,
        1,
        1,
        null,
        null,
        1,
        null,
        1,
        1,
        1,
        1,
        1,
        1,
        1,
        1,
        1,
        null,
        1,
        1,
        null,
        null,
        1,
        1,
        1,
        null,
        1,
        1,
        1,
        1,
        null,
        null,
        null,
        1,
        null,
        null,
        null,
        null,
        null,
        1,
        0,
        0,
        0,
        null,
        null,
        null
      ],
      "/mnt/d/workspace/rails/save-contents-api/app/controllers/application_controller.rb": [
        null,
        null,
        1,
        1,
        null,
        1,
        null
      ],
      "/mnt/d/workspace/rails/save-contents-api/app/controllers/docs/extractor.rb": [
        null,
        null,
        1,
        1,
        null,
        1,
        1,
        null,
        1,
        1,
        1,
        null,
        1,
        1,
        null,
        null,
        1,
        1,
        null,
        null,
        1,
        1,
        1,
        1,
        1,
        null,
        null,
        1,
        1,
        null,
        null,
        null,
        null,
        null,
        1,
        1,
        null,
        1,
        1,
        1,
        null,
        1,
        1,
        null,
        null,
        1,
        1,
        null,
        null,
        1,
        1,
        1,
        1,
        1,
        null,
        null,
        null,
        1,
        1,
        1,
        1,
        1,
        null,
        null,
        1,
        1,
        null,
        null,
        null,
        1,
        null,
        1,
        1,
        null,
        1,
        1,
        1,
        1,
        1,
        1,
        1,
        1,
        null,
        1,
        1,
        null,
        null,
        1,
        1,
        1,
        1,
        1,
        1,
        null,
        1,
        1,
        null,
        null,
        null,
        null,
        1,
        1,
        1,
        1,
        1,
        1,
        null,
        null,
        1,
        1,
        null,
        null,
        1,
        1,
        null,
        null,
        1,
        1,
        1,
        1,
        1,
        null,
        1,
        1,
        null,
        null,
        null,
        1,
        1,
        1,
        1,
        1,
        1,
        1,
        1,
        1,
        1,
        1,
        null,
        1,
        1,
        null,
        null,
        null,
        null,
        null,
        null,
        null,
        null,
        null,
        1,
        1,
        null,
        1,
        1,
        1,
        1,
        1,
        null,
        1,
        1,
        1,
        1,
        1,
        null,
        null,
        null,
        null,
        null
      ],
      "/mnt/d/workspace/rails/save-contents-api/app/controllers/docs/v1/extractors_controller.rb": [
        null,
        null,
        1,
        1,
        null,
        1,
        1,
        1,
        1,
        1,
        1,
        null,
        null,
        1,
        null,
        null,
        1,
        1,
        null,
        null,
        1,
        1,
        1,
        1,
        null,
        null,
        1,
        null,
        null,
        1,
        1,
        1,
        1,
        1,
        1,
        1,
        null,
        null,
        1,
        1,
        1,
        1,
        null,
        null,
        null,
        null,
        null
      ],
      "/mnt/d/workspace/rails/save-contents-api/spec/routing/extractor_routing_spec.rb": [
        null,
        null,
        1,
        null,
        1,
        null,
        1,
        null,
        1,
        1,
        null,
        null,
        1,
        1,
        null,
        null,
        null
      ],
      "/mnt/d/workspace/rails/save-contents-api/app/controllers/api/v1/extractors_controller.rb": [
        null,
        null,
        1,
        null,
        1,
        1,
        1,
        null,
        1,
        0,
        null,
        0,
        null,
        null,
        1,
        0,
        0,
        0,
        0,
        0,
        null,
        0,
        null,
        null,
        null,
        1,
        1,
        null,
        null,
        null,
        0,
        null,
        1,
        0,
        null,
        null,
        null
      ],
      "/mnt/d/workspace/rails/save-contents-api/app/controllers/api/v1/api_controller.rb": [
        null,
        null,
        1,
        1,
        1,
        1,
        null,
        null
      ]
    },
    "timestamp": 1537507825
  }
}
