{
  "RSpec": {
    "coverage": {
      "/mnt/d/workspace/rails/lim-save-contents/config/environment.rb": [
        null,
        null,
        null,
        1,
        null,
        null,
        1
      ],
      "/mnt/d/workspace/rails/lim-save-contents/config/application.rb": [
        null,
        null,
        1,
        null,
        1,
        null,
        1,
        1,
        1,
        1,
        1,
        1,
        1,
        1,
        null,
        1,
        null,
        null,
        null,
        1,
        null,
        1,
        1,
        null,
        1,
        null,
        null,
        null,
        null,
        null,
        null,
        null,
        null,
        null,
        1,
        null,
        null
      ],
      "/mnt/d/workspace/rails/lim-save-contents/config/boot.rb": [
        null,
        null,
        1,
        null,
        1,
        1
      ],
      "/mnt/d/workspace/rails/lim-save-contents/config/spring.rb": [
        null,
        null,
        null,
        null,
        null,
        null,
        null,
        5
      ],
      "/mnt/d/workspace/rails/lim-save-contents/config/environments/test.rb": [
        null,
        null,
        1,
        null,
        null,
        null,
        null,
        null,
        null,
        1,
        null,
        null,
        null,
        null,
        1,
        null,
        null,
        1,
        1,
        null,
        null,
        null,
        null,
        1,
        1,
        null,
        null,
        1,
        null,
        null,
        1,
        null,
        null,
        1,
        null,
        1,
        null,
        null,
        null,
        null,
        1,
        null,
        null,
        1,
        null,
        null,
        null,
        null
      ],
      "/mnt/d/workspace/rails/lim-save-contents/config/initializers/application_controller_renderer.rb": [
        null,
        null,
        null,
        null,
        null,
        null,
        null,
        null,
        null,
        null
      ],
      "/mnt/d/workspace/rails/lim-save-contents/config/initializers/backtrace_silencers.rb": [
        null,
        null,
        null,
        null,
        null,
        null,
        null,
        null,
        null
      ],
      "/mnt/d/workspace/rails/lim-save-contents/config/initializers/cors.rb": [
        null,
        null,
        null,
        null,
        null,
        null,
        null,
        null,
        null,
        null,
        null,
        null,
        null,
        null,
        null,
        null,
        null,
        null
      ],
      "/mnt/d/workspace/rails/lim-save-contents/config/initializers/filter_parameter_logging.rb": [
        null,
        null,
        null,
        null,
        null,
        1
      ],
      "/mnt/d/workspace/rails/lim-save-contents/config/initializers/inflections.rb": [
        null,
        null,
        null,
        null,
        null,
        null,
        null,
        null,
        null,
        null,
        null,
        null,
        null,
        null,
        null,
        null,
        null,
        null
      ],
      "/mnt/d/workspace/rails/lim-save-contents/config/initializers/mime_types.rb": [
        null,
        null,
        null,
        null,
        null,
        null
      ],
      "/mnt/d/workspace/rails/lim-save-contents/config/initializers/wrap_parameters.rb": [
        null,
        null,
        null,
        null,
        null,
        null,
        null,
        null,
        1,
        1,
        null,
        null,
        null,
        null,
        null,
        null
      ],
      "/mnt/d/workspace/rails/lim-save-contents/spec/factories/extractor.rb": [
        null,
        null,
        1,
        1,
        4,
        null,
        null
      ],
      "/mnt/d/workspace/rails/lim-save-contents/config/routes.rb": [
        null,
        null,
        1,
        1,
        1,
        1,
        null,
        null,
        null,
        null
      ],
      "/mnt/d/workspace/rails/lim-save-contents/app/helpers/serializer_resource_helper.rb": [
        null,
        null,
        1,
        1,
        3,
        null,
        null
      ],
      "/mnt/d/workspace/rails/lim-save-contents/spec/support/factory_bot.rb": [
        null,
        null,
        1,
        1,
        null
      ],
      "/mnt/d/workspace/rails/lim-save-contents/spec/support/request_helper.rb": [
        null,
        null,
        1,
        1,
        13,
        null,
        null,
        null,
        1,
        1,
        null
      ],
      "/mnt/d/workspace/rails/lim-save-contents/spec/support/shared_examples/shared_examples_for_errors.rb": [
        null,
        null,
        1,
        1,
        1,
        null,
        null,
        1,
        1,
        1,
        null,
        null
      ],
      "/mnt/d/workspace/rails/lim-save-contents/spec/support/shared_examples/shared_examples_for_extractors.rb": [
        null,
        null,
        1,
        1,
        1,
        1,
        1,
        null,
        null
      ],
      "/mnt/d/workspace/rails/lim-save-contents/spec/support/shared_examples/shared_examples_for_json_api_pattern.rb": [
        1,
        0,
        0,
        0,
        0,
        0,
        0,
        0,
        null,
        null,
        null,
        1,
        1,
        1,
        1,
        1,
        1,
        1,
        1,
        1,
        1,
        1,
        null,
        null
      ],
      "/mnt/d/workspace/rails/lim-save-contents/spec/support/shoulda_matchers.rb": [
        null,
        null,
        1,
        1,
        1,
        1,
        null,
        null
      ],
      "/mnt/d/workspace/rails/lim-save-contents/app/models/extractor.rb": [
        null,
        null,
        1,
        1,
        1,
        null
      ],
      "/mnt/d/workspace/rails/lim-save-contents/app/models/application_record.rb": [
        null,
        null,
        1,
        1,
        null
      ],
      "/mnt/d/workspace/rails/lim-save-contents/app/controllers/api/v1/extractors_controller.rb": [
        null,
        null,
        1,
        null,
        1,
        1,
        1,
        null,
        null,
        6,
        6,
        3,
        null,
        3,
        null,
        null,
        null,
        1,
        1,
        null,
        null,
        null,
        6,
        null,
        null,
        null
      ],
      "/mnt/d/workspace/rails/lim-save-contents/app/controllers/api/v1/api_controller.rb": [
        null,
        null,
        1,
        1,
        1,
        1,
        null,
        null
      ],
      "/mnt/d/workspace/rails/lim-save-contents/app/controllers/application_controller.rb": [
        null,
        null,
        1,
        1,
        null,
        1,
        null
      ],
      "/mnt/d/workspace/rails/lim-save-contents/app/resources/api/v1/extractor_resource.rb": [
        null,
        null,
        1,
        1,
        1,
        null,
        null
      ]
    },
    "timestamp": 1537481779
  }
}
